<?xml version="1.0" encoding="UTF-8"?>
<testsuite errors="0" failures="0" file="members/tests/test_model_emailtemplate.py" name="members.tests.test_model_emailtemplate.TestEmailTemplate-20190419004012" skipped="0" tests="5" time="0.105" timestamp="2019-04-19T00:40:13">
	<testcase classname="members.tests.test_model_emailtemplate.TestEmailTemplate" file="members/tests/test_model_emailtemplate.py" line="112" name="test_send_email_department" time="0.030" timestamp="2019-04-19T00:40:13">
		<system-out>
<![CDATA[]]>		</system-out>
		<system-err>
<![CDATA[]]>		</system-err>
	</testcase>
	<testcase classname="members.tests.test_model_emailtemplate.TestEmailTemplate" file="members/tests/test_model_emailtemplate.py" line="82" name="test_send_email_family" time="0.021" timestamp="2019-04-19T00:40:13">
		<system-out>
<![CDATA[]]>		</system-out>
		<system-err>
<![CDATA[]]>		</system-err>
	</testcase>
	<testcase classname="members.tests.test_model_emailtemplate.TestEmailTemplate" file="members/tests/test_model_emailtemplate.py" line="88" name="test_send_email_family_no_to_email" time="0.017" timestamp="2019-04-19T00:40:13">
		<system-out>
<![CDATA[]]>		</system-out>
		<system-err>
<![CDATA[]]>		</system-err>
	</testcase>
	<testcase classname="members.tests.test_model_emailtemplate.TestEmailTemplate" file="members/tests/test_model_emailtemplate.py" line="96" name="test_send_email_person" time="0.023" timestamp="2019-04-19T00:40:13">
		<system-out>
<![CDATA[]]>		</system-out>
		<system-err>
<![CDATA[]]>		</system-err>
	</testcase>
	<testcase classname="members.tests.test_model_emailtemplate.TestEmailTemplate" file="members/tests/test_model_emailtemplate.py" line="104" name="test_send_email_person_no_to_email" time="0.015" timestamp="2019-04-19T00:40:13">
		<system-out>
<![CDATA[]]>		</system-out>
		<system-err>
<![CDATA[]]>		</system-err>
	</testcase>
</testsuite>
