<?xml version="1.0" encoding="UTF-8"?>
<testsuite errors="0" failures="0" file="members/tests/test_model_person.py" name="members.tests.test_model_person.TestModelPerson-20190419004012" skipped="0" tests="2" time="0.105" timestamp="2019-04-19T00:40:13">
	<testcase classname="members.tests.test_model_person.TestModelPerson" file="members/tests/test_model_person.py" line="24" name="test_age_years" time="0.095" timestamp="2019-04-19T00:40:13">
		<system-out>
<![CDATA[]]>		</system-out>
		<system-err>
<![CDATA[]]>		</system-err>
	</testcase>
	<testcase classname="members.tests.test_model_person.TestModelPerson" file="members/tests/test_model_person.py" line="30" name="test_firstname" time="0.010" timestamp="2019-04-19T00:40:13">
		<system-out>
<![CDATA[]]>		</system-out>
		<system-err>
<![CDATA[]]>		</system-err>
	</testcase>
</testsuite>
